<?xml version="1.0" encoding="UTF-8"?>
<testng-results skipped="0" failed="0" total="1" passed="1">
  <reporter-output>
  </reporter-output>
  <suite name="Default suite" duration-ms="62" started-at="2020-06-15T01:56:10Z" finished-at="2020-06-15T01:56:10Z">
    <groups>
    </groups>
    <test name="Default test" duration-ms="62" started-at="2020-06-15T01:56:10Z" finished-at="2020-06-15T01:56:10Z">
      <class name="org.testing.testscripts.TC1">
        <test-method status="PASS" signature="display()[pri:0, instance:org.testing.testscripts.TC1@3b2cf7ab]" name="display" duration-ms="16" started-at="2020-06-15T07:26:10Z" finished-at="2020-06-15T07:26:10Z">
          <reporter-output>
          </reporter-output>
        </test-method> <!-- display -->
      </class> <!-- org.testing.testscripts.TC1 -->
    </test> <!-- Default test -->
  </suite> <!-- Default suite -->
</testng-results>
